
Collecting usage statistics. To deactivate, set browser.gatherUsageStats to false.


  You can now view your Streamlit app in your browser.

  Local URL: http://localhost:8503
  Network URL: http://10.3.8.5:8503
  External URL: http://43.160.205.158:8503

[调试] 尝试从 sina 获取实时数据...
[成功] 从 sina 获取到 5447 条数据
[调试] 实时数据列: ['代码', '名称', '最新价', '涨跌额', 'pct_chg', '买入', '卖出', '昨收', '今开', '最高', '最低', '成交量', '成交额', '时间戳', 'data_source']...
[成功] 获取到 5447 条实时数据
[调试] 尝试从 sina 获取实时数据...
[成功] 从 sina 获取到 5447 条数据
[调试] 实时数据列: ['代码', '名称', '最新价', '涨跌额', 'pct_chg', '买入', '卖出', '昨收', '今开', '最高', '最低', '成交量', '成交额', '时间戳', 'data_source']...
[成功] 获取到 5447 条实时数据
[调试] 尝试从 sina 获取实时数据...
[成功] 从 sina 获取到 5447 条数据
[调试] 实时数据列: ['代码', '名称', '最新价', '涨跌额', 'pct_chg', '买入', '卖出', '昨收', '今开', '最高', '最低', '成交量', '成交额', '时间戳', 'data_source']...
[成功] 获取到 5447 条实时数据
[调试] 尝试从 sina 获取实时数据...
[成功] 从 sina 获取到 5447 条数据
[调试] 实时数据列: ['代码', '名称', '最新价', '涨跌额', 'pct_chg', '买入', '卖出', '昨收', '今开', '最高', '最低', '成交量', '成交额', '时间戳', 'data_source']...
[成功] 获取到 5447 条实时数据
[调试] 尝试从 sina 获取实时数据...
[成功] 从 sina 获取到 5447 条数据
[调试] 实时数据列: ['代码', '名称', '最新价', '涨跌额', 'pct_chg', '买入', '卖出', '昨收', '今开', '最高', '最低', '成交量', '成交额', '时间戳', 'data_source']...
[成功] 获取到 5447 条实时数据
[调试] 尝试从 sina 获取实时数据...
[成功] 从 sina 获取到 5447 条数据
[调试] 实时数据列: ['代码', '名称', '最新价', '涨跌额', 'pct_chg', '买入', '卖出', '昨收', '今开', '最高', '最低', '成交量', '成交额', '时间戳', 'data_source']...
[成功] 获取到 5447 条实时数据
[调试] 尝试从 sina 获取实时数据...
